#
# A fatal error has been detected by the Java Runtime Environment:
#
#  EXCEPTION_ACCESS_VIOLATION (0xc0000005) at pc=0x00007ffbba07d85e, pid=5224, tid=9924
#
# JRE version: Java(TM) SE Runtime Environment (8.0_20-b26) (build 1.8.0_20-b26)
# Java VM: Java HotSpot(TM) 64-Bit Server VM (25.20-b23 mixed mode windows-amd64 compressed oops)
# Problematic frame:
# C  [ntdll.dll+0x3d85e]
#
# Failed to write core dump. Minidumps are not enabled by default on client versions of Windows
#
# If you would like to submit a bug report, please visit:
#   http://bugreport.sun.com/bugreport/crash.jsp
# The crash happened outside the Java Virtual Machine in native code.
# See problematic frame for where to report the bug.
#

---------------  T H R E A D  ---------------

Current thread (0x000000001c98a000):  JavaThread "AWT-Windows" daemon [_thread_in_native, id=9924, stack(0x000000001d260000,0x000000001d360000)]

siginfo: ExceptionCode=0xc0000005, writing address 0x0000000000000024

Registers:
RAX=0x0000000000000000, RBX=0x00007ffb93b49b18, RCX=0x00000000fffffffc, RDX=0x0000000000000e44
RSP=0x000000001d35ec70, RBP=0x00007ff6e4f6a000, RSI=0x0000000000000e44, RDI=0x0000000000000000
R8 =0xffffffffffffffff, R9 =0x00007ff6e4f6a000, R10=0x0000000000000000, R11=0x0000000000000246
R12=0x0000000000000000, R13=0x0000000000000000, R14=0x0000000000000000, R15=0x0000000000000000
RIP=0x00007ffbba07d85e, EFLAGS=0x0000000000010213

Top of Stack: (sp=0x000000001d35ec70)
0x000000001d35ec70:   0000000000000e44 0000000000000000
0x000000001d35ec80:   000000001d35ee10 0000000065a56683
0x000000001d35ec90:   fffffffffffffffe ffffffffffffffff
0x000000001d35eca0:   0000000000000000 00007ffbb7e02fd6
0x000000001d35ecb0:   0000000000000000 000000001d35edf8
0x000000001d35ecc0:   0000000000000006 0000000000000201
0x000000001d35ecd0:   0000000000000000 0000000000000000
0x000000001d35ece0:   00007ffbba0d10b0 00007ffbb7e02e1f
0x000000001d35ecf0:   00003079c9503a1b 0000000000000000
0x000000001d35ed00:   0000000000000004 0000000000000001
0x000000001d35ed10:   00000000191ff520 000000007ffe0372
0x000000001d35ed20:   0000000000000000 0000000000000000
0x000000001d35ed30:   00007ff6e4f6a000 00007ffbba07b254
0x000000001d35ed40:   000000001d35ee28 0000000000000000
0x000000001d35ed50:   00007ffb93b49b18 0000000000000038
0x000000001d35ed60:   000000001d35eee0 0000000000000201 

Instructions: (pc=0x00007ffbba07d85e)
0x00007ffbba07d83e:   a8 01 0f 85 e0 00 00 00 8b c8 41 2b ce f0 0f b1
0x00007ffbba07d84e:   4b 08 75 e9 48 8b 03 45 33 f6 48 83 f8 ff 74 03
0x00007ffbba07d85e:   ff 40 24 41 bf 82 03 fe 7f 41 8a 0f 84 c9 0f 85
0x00007ffbba07d86e:   a0 fa 06 00 48 83 fe ff 0f 84 f5 fa 06 00 4c 8b 


Register to memory mapping:

RAX=0x0000000000000000 is an unknown value
RBX=0x00007ffb93b49b18 is an unknown value
RCX=0x00000000fffffffc is an unknown value
RDX=0x0000000000000e44 is an unknown value
RSP=0x000000001d35ec70 is pointing into the stack for thread: 0x000000001c98a000
RBP=0x00007ff6e4f6a000 is an unknown value
RSI=0x0000000000000e44 is an unknown value
RDI=0x0000000000000000 is an unknown value
R8 =0xffffffffffffffff is an unknown value
R9 =0x00007ff6e4f6a000 is an unknown value
R10=0x0000000000000000 is an unknown value
R11=0x0000000000000246 is an unknown value
R12=0x0000000000000000 is an unknown value
R13=0x0000000000000000 is an unknown value
R14=0x0000000000000000 is an unknown value
R15=0x0000000000000000 is an unknown value


Stack: [0x000000001d260000,0x000000001d360000],  sp=0x000000001d35ec70,  free space=1019k
Native frames: (J=compiled Java code, j=interpreted, Vv=VM code, C=native code)
C  [ntdll.dll+0x3d85e]
C  [ntdll.dll+0x3b254]
C  [ltc_game64-96675.dll+0x50bc3]
C  [ltc_game64-96675.dll+0x511a4]
C  [ltc_game64-96675.dll+0x70ade]
C  [awt.dll+0xcc7ec]
C  [awt.dll+0xcca9b]
C  0x00000000023a5b74

Java frames: (J=compiled Java code, j=interpreted, Vv=VM code)
j  sun.awt.windows.WToolkit.eventLoop()V+0
j  sun.awt.windows.WToolkit.run()V+58
j  java.lang.Thread.run()V+11
v  ~StubRoutines::call_stub

---------------  P R O C E S S  ---------------

Java Threads: ( => current thread )
  0x000000001cc6b800 JavaThread "TimerQueue" daemon [_thread_blocked, id=9100, stack(0x0000000021b40000,0x0000000021c40000)]
  0x000000001ccd7800 JavaThread "Abandoned connection cleanup thread" daemon [_thread_blocked, id=7316, stack(0x0000000021a40000,0x0000000021b40000)]
  0x000000001fef5800 JavaThread "D3D Screen Updater" daemon [_thread_blocked, id=6388, stack(0x0000000020e30000,0x0000000020f30000)]
  0x0000000002292800 JavaThread "DestroyJavaVM" [_thread_blocked, id=1460, stack(0x0000000002190000,0x0000000002290000)]
  0x000000001c9ed800 JavaThread "AWT-EventQueue-0" [_thread_in_native, id=9408, stack(0x000000001df00000,0x000000001e000000)]
=>0x000000001c98a000 JavaThread "AWT-Windows" daemon [_thread_in_native, id=9924, stack(0x000000001d260000,0x000000001d360000)]
  0x000000001c980000 JavaThread "AWT-Shutdown" [_thread_blocked, id=8828, stack(0x000000001d160000,0x000000001d260000)]
  0x000000001bc58800 JavaThread "Java2D Disposer" daemon [_thread_blocked, id=9728, stack(0x000000001d060000,0x000000001d160000)]
  0x000000001b916000 JavaThread "Service Thread" daemon [_thread_blocked, id=7928, stack(0x000000001c260000,0x000000001c360000)]
  0x000000001b896000 JavaThread "C1 CompilerThread3" daemon [_thread_blocked, id=8340, stack(0x000000001c160000,0x000000001c260000)]
  0x000000001b893800 JavaThread "C2 CompilerThread2" daemon [_thread_blocked, id=8504, stack(0x000000001c060000,0x000000001c160000)]
  0x000000001b88f000 JavaThread "C2 CompilerThread1" daemon [_thread_blocked, id=2604, stack(0x000000001bf60000,0x000000001c060000)]
  0x000000001b889800 JavaThread "C2 CompilerThread0" daemon [_thread_blocked, id=7364, stack(0x000000001be60000,0x000000001bf60000)]
  0x000000001b888800 JavaThread "Attach Listener" daemon [_thread_blocked, id=9848, stack(0x000000001bd60000,0x000000001be60000)]
  0x000000001b887800 JavaThread "Signal Dispatcher" daemon [_thread_blocked, id=8280, stack(0x000000001bc60000,0x000000001bd60000)]
  0x000000000238a800 JavaThread "Finalizer" daemon [_thread_blocked, id=4152, stack(0x000000001b760000,0x000000001b860000)]
  0x0000000002384000 JavaThread "Reference Handler" daemon [_thread_blocked, id=8724, stack(0x000000001b660000,0x000000001b760000)]

Other Threads:
  0x0000000019888800 VMThread [stack: 0x000000001b560000,0x000000001b660000] [id=4732]
  0x000000001b91d000 WatcherThread [stack: 0x000000001c360000,0x000000001c460000] [id=7676]

VM state:not at safepoint (normal execution)

VM Mutex/Monitor currently owned by a thread: None

Heap:
 PSYoungGen      total 57344K, used 19019K [0x0000000780780000, 0x0000000784780000, 0x00000007c0000000)
  eden space 49152K, 22% used [0x0000000780780000,0x0000000781219038,0x0000000783780000)
  from space 8192K, 99% used [0x0000000783f80000,0x0000000784779c20,0x0000000784780000)
  to   space 8192K, 0% used [0x0000000783780000,0x0000000783780000,0x0000000783f80000)
 ParOldGen       total 131072K, used 22291K [0x0000000701600000, 0x0000000709600000, 0x0000000780780000)
  object space 131072K, 17% used [0x0000000701600000,0x0000000702bc4eb0,0x0000000709600000)
 Metaspace       used 19960K, capacity 20192K, committed 20352K, reserved 1067008K
  class space    used 2350K, capacity 2410K, committed 2432K, reserved 1048576K

Card table byte_map: [0x0000000011750000,0x0000000011d50000] byte_map_base: 0x000000000df45000

Marking Bits: (ParMarkBitMap*) 0x00000000664bb460
 Begin Bits: [0x0000000012950000, 0x00000000158f8000)
 End Bits:   [0x00000000158f8000, 0x00000000188a0000)

Polling page: 0x0000000000840000

CodeCache: size=245760Kb used=12367Kb max_used=13072Kb free=233392Kb
 bounds [0x0000000002390000, 0x0000000003090000, 0x0000000011390000]
 total_blobs=4078 nmethods=3484 adapters=505
 compilation: enabled

Compilation events (10 events):
Event: 136.206 Thread 0x000000001b896000 3948       3       java.util.regex.Pattern::newSingle (98 bytes)
Event: 136.207 Thread 0x000000001b896000 nmethod 3948 0x000000000292e510 code [0x000000000292e7c0, 0x000000000292f968]
Event: 136.210 Thread 0x000000001b889800 3949   !   4       sun.swing.SwingUtilities2::stringWidth (108 bytes)
Event: 136.219 Thread 0x000000001b889800 nmethod 3949 0x0000000003055410 code [0x00000000030555e0, 0x0000000003055fb0]
Event: 163.650 Thread 0x000000001b88f000 3950   !   4       java.util.concurrent.locks.AbstractQueuedSynchronizer::acquireQueued (93 bytes)
Event: 163.654 Thread 0x000000001b88f000 nmethod 3950 0x00000000029555d0 code [0x0000000002955740, 0x0000000002955b28]
Event: 163.994 Thread 0x000000001b896000 3951       3       javax.swing.plaf.basic.BasicInternalFrameUI$BorderListener::mouseMoved (589 bytes)
Event: 163.996 Thread 0x000000001b896000 nmethod 3951 0x0000000002b52950 code [0x0000000002b52da0, 0x0000000002b55a58]
Event: 165.240 Thread 0x000000001b893800 3952       4       java.util.ArrayList::toArray (60 bytes)
Event: 165.248 Thread 0x000000001b893800 nmethod 3952 0x00000000027f09d0 code [0x00000000027f0b20, 0x00000000027f1038]

GC Heap History (4 events):
Event: 53.497 GC heap before
{Heap before GC invocations=1 (full 0):
 PSYoungGen      total 57344K, used 49152K [0x0000000780780000, 0x0000000784780000, 0x00000007c0000000)
  eden space 49152K, 100% used [0x0000000780780000,0x0000000783780000,0x0000000783780000)
  from space 8192K, 0% used [0x0000000783f80000,0x0000000783f80000,0x0000000784780000)
  to   space 8192K, 0% used [0x0000000783780000,0x0000000783780000,0x0000000783f80000)
 ParOldGen       total 131072K, used 0K [0x0000000701600000, 0x0000000709600000, 0x0000000780780000)
  object space 131072K, 0% used [0x0000000701600000,0x0000000701600000,0x0000000709600000)
 Metaspace       used 19391K, capacity 19668K, committed 19840K, reserved 1067008K
  class space    used 2343K, capacity 2410K, committed 2432K, reserved 1048576K
Event: 53.511 GC heap after
Heap after GC invocations=1 (full 0):
 PSYoungGen      total 57344K, used 8171K [0x0000000780780000, 0x0000000784780000, 0x00000007c0000000)
  eden space 49152K, 0% used [0x0000000780780000,0x0000000780780000,0x0000000783780000)
  from space 8192K, 99% used [0x0000000783780000,0x0000000783f7afe8,0x0000000783f80000)
  to   space 8192K, 0% used [0x0000000783f80000,0x0000000783f80000,0x0000000784780000)
 ParOldGen       total 131072K, used 10717K [0x0000000701600000, 0x0000000709600000, 0x0000000780780000)
  object space 131072K, 8% used [0x0000000701600000,0x0000000702077460,0x0000000709600000)
 Metaspace       used 19391K, capacity 19668K, committed 19840K, reserved 1067008K
  class space    used 2343K, capacity 2410K, committed 2432K, reserved 1048576K
}
Event: 130.064 GC heap before
{Heap before GC invocations=2 (full 0):
 PSYoungGen      total 57344K, used 57323K [0x0000000780780000, 0x0000000784780000, 0x00000007c0000000)
  eden space 49152K, 100% used [0x0000000780780000,0x0000000783780000,0x0000000783780000)
  from space 8192K, 99% used [0x0000000783780000,0x0000000783f7afe8,0x0000000783f80000)
  to   space 8192K, 0% used [0x0000000783f80000,0x0000000783f80000,0x0000000784780000)
 ParOldGen       total 131072K, used 10717K [0x0000000701600000, 0x0000000709600000, 0x0000000780780000)
  object space 131072K, 8% used [0x0000000701600000,0x0000000702077460,0x0000000709600000)
 Metaspace       used 19926K, capacity 20192K, committed 20352K, reserved 1067008K
  class space    used 2350K, capacity 2410K, committed 2432K, reserved 1048576K
Event: 130.077 GC heap after
Heap after GC invocations=2 (full 0):
 PSYoungGen      total 57344K, used 8167K [0x0000000780780000, 0x0000000784780000, 0x00000007c0000000)
  eden space 49152K, 0% used [0x0000000780780000,0x0000000780780000,0x0000000783780000)
  from space 8192K, 99% used [0x0000000783f80000,0x0000000784779c20,0x0000000784780000)
  to   space 8192K, 0% used [0x0000000783780000,0x0000000783780000,0x0000000783f80000)
 ParOldGen       total 131072K, used 22291K [0x0000000701600000, 0x0000000709600000, 0x0000000780780000)
  object space 131072K, 17% used [0x0000000701600000,0x0000000702bc4eb0,0x0000000709600000)
 Metaspace       used 19926K, capacity 20192K, committed 20352K, reserved 1067008K
  class space    used 2350K, capacity 2410K, committed 2432K, reserved 1048576K
}

Deoptimization events (10 events):
Event: 5.126 Thread 0x000000001c9ed800 Uncommon trap: reason=unreached action=reinterpret pc=0x000000000256a2e4 method=java.util.HashMap.putVal(ILjava/lang/Object;Ljava/lang/Object;ZZ)Ljava/lang/Object; @ 109
Event: 5.184 Thread 0x000000001c9ed800 Uncommon trap: reason=null_check action=make_not_entrant pc=0x00000000026c06b8 method=javax.swing.plaf.nimbus.DerivedColor.equals(Ljava/lang/Object;)Z @ 8
Event: 5.622 Thread 0x000000001c9ed800 Uncommon trap: reason=bimorphic action=maybe_recompile pc=0x000000000283e008 method=javax.swing.UIDefaults.getFromHashtable(Ljava/lang/Object;)Ljava/lang/Object; @ 231
Event: 5.667 Thread 0x000000001c9ed800 Uncommon trap: reason=class_check action=maybe_recompile pc=0x000000000286a59c method=java.util.concurrent.locks.AbstractQueuedSynchronizer.release(I)Z @ 2
Event: 5.685 Thread 0x000000001c9ed800 Uncommon trap: reason=class_check action=maybe_recompile pc=0x000000000286a59c method=java.util.concurrent.locks.AbstractQueuedSynchronizer.release(I)Z @ 2
Event: 5.687 Thread 0x000000001c9ed800 Uncommon trap: reason=class_check action=maybe_recompile pc=0x000000000286a59c method=java.util.concurrent.locks.AbstractQueuedSynchronizer.release(I)Z @ 2
Event: 5.687 Thread 0x000000001c9ed800 Uncommon trap: reason=class_check action=maybe_recompile pc=0x000000000286a59c method=java.util.concurrent.locks.AbstractQueuedSynchronizer.release(I)Z @ 2
Event: 8.058 Thread 0x000000001c9ed800 Uncommon trap: reason=unreached action=reinterpret pc=0x0000000002978dd4 method=sun.util.logging.PlatformLogger.isLoggable(Lsun/util/logging/PlatformLogger$Level;)Z @ 18
Event: 58.933 Thread 0x000000001c9ed800 Uncommon trap: reason=unreached action=reinterpret pc=0x0000000002c45918 method=sun.nio.cs.ThreadLocalCoders$1.hasName(Ljava/lang/Object;Ljava/lang/Object;)Z @ 4
Event: 122.888 Thread 0x000000001c9ed800 Uncommon trap: reason=unreached action=reinterpret pc=0x00000000030182f4 method=sun.java2d.SunGraphics2D.<init>(Lsun/java2d/SurfaceData;Ljava/awt/Color;Ljava/awt/Color;Ljava/awt/Font;)V @ 157

Internal exceptions (10 events):
Event: 12.251 Thread 0x000000001c9ed800 Exception <a 'java/lang/NullPointerException'> (0x0000000782ad2698) thrown at [D:\re\workspace\8-2-build-windows-amd64-cygwin\jdk8u20\1074\hotspot\src\share\vm\interpreter\linkResolver.cpp, line 1268]
Event: 12.627 Thread 0x000000001c9ed800 Exception <a 'java/lang/NullPointerException'> (0x0000000782b61b88) thrown at [D:\re\workspace\8-2-build-windows-amd64-cygwin\jdk8u20\1074\hotspot\src\share\vm\interpreter\linkResolver.cpp, line 1268]
Event: 13.044 Thread 0x000000001c9ed800 Exception <a 'java/lang/NullPointerException'> (0x0000000782bf0bd0) thrown at [D:\re\workspace\8-2-build-windows-amd64-cygwin\jdk8u20\1074\hotspot\src\share\vm\interpreter\linkResolver.cpp, line 1268]
Event: 13.396 Thread 0x000000001c9ed800 Exception <a 'java/lang/NullPointerException'> (0x0000000782c7d488) thrown at [D:\re\workspace\8-2-build-windows-amd64-cygwin\jdk8u20\1074\hotspot\src\share\vm\interpreter\linkResolver.cpp, line 1268]
Event: 13.733 Thread 0x000000001c9ed800 Exception <a 'java/lang/NullPointerException'> (0x0000000782d16110) thrown at [D:\re\workspace\8-2-build-windows-amd64-cygwin\jdk8u20\1074\hotspot\src\share\vm\interpreter\linkResolver.cpp, line 1268]
Event: 14.092 Thread 0x000000001c9ed800 Exception <a 'java/lang/NullPointerException'> (0x0000000782dae938) thrown at [D:\re\workspace\8-2-build-windows-amd64-cygwin\jdk8u20\1074\hotspot\src\share\vm\interpreter\linkResolver.cpp, line 1268]
Event: 58.931 Thread 0x000000001c9ed800 Exception <a 'java/security/PrivilegedActionException'> (0x00000007811817d0) thrown at [D:\re\workspace\8-2-build-windows-amd64-cygwin\jdk8u20\1074\hotspot\src\share\vm\prims\jvm.cpp, line 1275]
Event: 58.932 Thread 0x000000001c9ed800 Exception <a 'java/security/PrivilegedActionException'> (0x0000000781184ac8) thrown at [D:\re\workspace\8-2-build-windows-amd64-cygwin\jdk8u20\1074\hotspot\src\share\vm\prims\jvm.cpp, line 1275]
Event: 58.932 Thread 0x000000001c9ed800 Exception <a 'java/security/PrivilegedActionException'> (0x0000000781189b40) thrown at [D:\re\workspace\8-2-build-windows-amd64-cygwin\jdk8u20\1074\hotspot\src\share\vm\prims\jvm.cpp, line 1275]
Event: 58.932 Thread 0x000000001c9ed800 Exception <a 'java/security/PrivilegedActionException'> (0x000000078118d168) thrown at [D:\re\workspace\8-2-build-windows-amd64-cygwin\jdk8u20\1074\hotspot\src\share\vm\prims\jvm.cpp, line 1275]

Events (10 events):
Event: 131.534 Thread 0x000000001b896000 flushing nmethod 0x0000000002ba9990
Event: 131.534 Thread 0x000000001b896000 flushing nmethod 0x0000000002bbdad0
Event: 131.535 Thread 0x000000001b88f000 flushing nmethod 0x0000000002be6b90
Event: 131.535 Thread 0x000000001b88f000 flushing nmethod 0x0000000002bf2290
Event: 131.535 Thread 0x000000001b88f000 flushing nmethod 0x0000000002bf45d0
Event: 131.535 Thread 0x000000001b88f000 flushing nmethod 0x0000000002c2e090
Event: 131.535 Thread 0x000000001b88f000 flushing nmethod 0x0000000002c45210
Event: 131.535 Thread 0x000000001b88f000 flushing nmethod 0x0000000002c5bb10
Event: 131.537 Thread 0x000000001b896000 flushing nmethod 0x0000000002c61110
Event: 131.537 Thread 0x000000001b896000 flushing nmethod 0x0000000002cb56d0


Dynamic libraries:
0x00007ff6e6070000 - 0x00007ff6e60a4000 	C:\Program Files\Java\jdk1.8.0_20\bin\java.exe
0x00007ffbba040000 - 0x00007ffbba1ec000 	C:\Windows\SYSTEM32\ntdll.dll
0x00007ffbb81b0000 - 0x00007ffbb82ee000 	C:\Windows\system32\KERNEL32.DLL
0x00007ffbb75a0000 - 0x00007ffbb76b5000 	C:\Windows\system32\KERNELBASE.dll
0x00007ffbb5d30000 - 0x00007ffbb5dbe000 	C:\Windows\system32\apphelp.dll
0x00007ffbaa0e0000 - 0x00007ffbaa133000 	C:\Windows\AppPatch\AppPatch64\AcGenral.DLL
0x00007ffbb9d30000 - 0x00007ffbb9dda000 	C:\Windows\system32\msvcrt.dll
0x00007ffbb7030000 - 0x00007ffbb705e000 	C:\Windows\SYSTEM32\SspiCli.dll
0x00007ffbb86b0000 - 0x00007ffbb8704000 	C:\Windows\system32\SHLWAPI.dll
0x00007ffbb7e00000 - 0x00007ffbb7f77000 	C:\Windows\system32\USER32.dll
0x00007ffbb7a40000 - 0x00007ffbb7bd4000 	C:\Windows\system32\ole32.dll
0x00007ffbb8810000 - 0x00007ffbb9d28000 	C:\Windows\system32\SHELL32.dll
0x00007ffbb6790000 - 0x00007ffbb67b1000 	C:\Windows\SYSTEM32\USERENV.dll
0x00007ffbb76c0000 - 0x00007ffbb776a000 	C:\Windows\system32\ADVAPI32.dll
0x00007ffbae630000 - 0x00007ffbae64e000 	C:\Windows\SYSTEM32\MPR.dll
0x00007ffbb82f0000 - 0x00007ffbb8431000 	C:\Windows\system32\RPCRT4.dll
0x00007ffbb8440000 - 0x00007ffbb8499000 	C:\Windows\SYSTEM32\sechost.dll
0x00007ffbb7be0000 - 0x00007ffbb7df1000 	C:\Windows\SYSTEM32\combase.dll
0x00007ffbb78e0000 - 0x00007ffbb7a31000 	C:\Windows\system32\GDI32.dll
0x00007ffbb7190000 - 0x00007ffbb71a5000 	C:\Windows\SYSTEM32\profapi.dll
0x00007ffbb56e0000 - 0x00007ffbb5792000 	C:\Windows\SYSTEM32\SHCORE.dll
0x00007ffbb87d0000 - 0x00007ffbb8806000 	C:\Windows\system32\IMM32.DLL
0x00007ffbb7780000 - 0x00007ffbb78d2000 	C:\Windows\system32\MSCTF.dll
0x00007ffbb5260000 - 0x00007ffbb54db000 	C:\Windows\WinSxS\amd64_microsoft.windows.common-controls_6595b64144ccf1df_6.0.9600.17784_none_624760d1ecb7236e\COMCTL32.dll
0x0000000065c00000 - 0x0000000065cd2000 	C:\Program Files\Java\jdk1.8.0_20\jre\bin\msvcr100.dll
0x0000000065ce0000 - 0x0000000066538000 	C:\Program Files\Java\jdk1.8.0_20\jre\bin\server\jvm.dll
0x00007ffbae7b0000 - 0x00007ffbae7b9000 	C:\Windows\SYSTEM32\WSOCK32.dll
0x00007ffbafa40000 - 0x00007ffbafa62000 	C:\Windows\SYSTEM32\WINMM.dll
0x00007ffbb7770000 - 0x00007ffbb7777000 	C:\Windows\system32\PSAPI.DLL
0x00007ffbb84a0000 - 0x00007ffbb84fa000 	C:\Windows\system32\WS2_32.dll
0x00007ffbafa10000 - 0x00007ffbafa3a000 	C:\Windows\SYSTEM32\WINMMBASE.dll
0x00007ffbb9df0000 - 0x00007ffbb9df9000 	C:\Windows\system32\NSI.dll
0x00007ffbb74f0000 - 0x00007ffbb753f000 	C:\Windows\SYSTEM32\cfgmgr32.dll
0x00007ffbb5f90000 - 0x00007ffbb5fb8000 	C:\Windows\SYSTEM32\DEVOBJ.dll
0x0000000065bb0000 - 0x0000000065bbf000 	C:\Program Files\Java\jdk1.8.0_20\jre\bin\verify.dll
0x0000000065b80000 - 0x0000000065ba8000 	C:\Program Files\Java\jdk1.8.0_20\jre\bin\java.dll
0x0000000065b60000 - 0x0000000065b76000 	C:\Program Files\Java\jdk1.8.0_20\jre\bin\zip.dll
0x0000000065980000 - 0x0000000065b18000 	C:\Program Files\Java\jdk1.8.0_20\jre\bin\awt.dll
0x00007ffbb80d0000 - 0x00007ffbb8191000 	C:\Windows\system32\OLEAUT32.dll
0x00007ffbb5e10000 - 0x00007ffbb5f39000 	C:\Windows\system32\uxtheme.dll
0x00007ffb9e650000 - 0x00007ffb9e67b000 	C:\Program Files (x86)\ATI Technologies\HydraVision\HydraDMH64.dll
0x00007ffbb02b0000 - 0x00007ffbb0384000 	C:\Windows\SYSTEM32\MSVCR110.dll
0x00007ffbab1a0000 - 0x00007ffbab1c7000 	C:\Program Files (x86)\Raptr\ltc_help64-96675.dll
0x00007ffbb7540000 - 0x00007ffbb7591000 	C:\Windows\system32\WINTRUST.dll
0x00007ffbb7260000 - 0x00007ffbb743f000 	C:\Windows\system32\CRYPT32.dll
0x00007ffbb7240000 - 0x00007ffbb7251000 	C:\Windows\system32\MSASN1.dll
0x00007ffb9a0a0000 - 0x00007ffb9a0b8000 	C:\Program Files (x86)\ATI Technologies\HydraVision\GridHook64.dll
0x00007ffbac550000 - 0x00007ffbacab5000 	C:\Windows\SYSTEM32\mfc110u.dll
0x00007ffbb54e0000 - 0x00007ffbb5501000 	C:\Windows\SYSTEM32\dwmapi.dll
0x00007ffb97fa0000 - 0x00007ffb97fe8000 	C:\Program Files (x86)\TeamViewer\Version9\tv_x64.dll
0x00007ffbaba80000 - 0x00007ffbaba8a000 	C:\Windows\SYSTEM32\VERSION.dll
0x00007ffbb5dc0000 - 0x00007ffbb5dcb000 	C:\Windows\SYSTEM32\kernel.appcore.dll
0x00007ffbb70d0000 - 0x00007ffbb70db000 	C:\Windows\SYSTEM32\CRYPTBASE.dll
0x00007ffbb7060000 - 0x00007ffbb70c3000 	C:\Windows\SYSTEM32\bcryptPrimitives.dll
0x0000000065930000 - 0x0000000065977000 	C:\Program Files\Java\jdk1.8.0_20\jre\bin\fontmanager.dll
0x00007ffb985e0000 - 0x00007ffb98801000 	C:\Windows\system32\d3d9.dll
0x00007ffb8afa0000 - 0x00007ffb8ba01000 	C:\Windows\SYSTEM32\igdumdim64.dll
0x00007ffbb3670000 - 0x00007ffbb3acd000 	C:\Windows\SYSTEM32\igdusc64.dll
0x0000000065b40000 - 0x0000000065b5a000 	C:\Program Files\Java\jdk1.8.0_20\jre\bin\net.dll
0x00007ffbb6a70000 - 0x00007ffbb6ac9000 	C:\Windows\system32\mswsock.dll
0x0000000065b20000 - 0x0000000065b31000 	C:\Program Files\Java\jdk1.8.0_20\jre\bin\nio.dll
0x00000000658e0000 - 0x0000000065921000 	C:\Program Files\Java\jdk1.8.0_20\jre\bin\t2k.dll
0x00000000658a0000 - 0x00000000658ca000 	C:\Program Files\Java\jdk1.8.0_20\jre\bin\dcpr.dll
0x00007ffbb8010000 - 0x00007ffbb80c6000 	C:\Windows\SYSTEM32\clbcatq.dll
0x00007ffbb2620000 - 0x00007ffbb27ce000 	C:\Windows\SYSTEM32\WindowsCodecs.dll
0x00007ffbb6ad0000 - 0x00007ffbb6af0000 	C:\Windows\SYSTEM32\CRYPTSP.dll
0x00007ffbb6680000 - 0x00007ffbb66b6000 	C:\Windows\system32\rsaenh.dll
0x00007ffbb6d20000 - 0x00007ffbb6d46000 	C:\Windows\SYSTEM32\bcrypt.dll
0x00007ffbb7f80000 - 0x00007ffbb7f96000 	C:\Windows\system32\imagehlp.dll
0x00007ffbb6cf0000 - 0x00007ffbb6d15000 	C:\Windows\system32\ncrypt.dll
0x00007ffbb6cb0000 - 0x00007ffbb6ce7000 	C:\Windows\system32\NTASN1.dll
0x00007ffbb6320000 - 0x00007ffbb6344000 	C:\Windows\SYSTEM32\gpapi.dll
0x00007ffba39b0000 - 0x00007ffba39e9000 	C:\Windows\System32\cryptnet.dll
0x00007ffbb9fe0000 - 0x00007ffbba03c000 	C:\Windows\system32\WLDAP32.dll
0x00007ffbb2ac0000 - 0x00007ffbb2aea000 	C:\Windows\SYSTEM32\IPHLPAPI.DLL
0x00007ffbb2ab0000 - 0x00007ffbb2aba000 	C:\Windows\SYSTEM32\WINNSI.DLL
0x00007ffb93950000 - 0x00007ffb93b64000 	C:\PROGRA~2\Raptr\ltc_game64-96675.dll
0x00007ffbae840000 - 0x00007ffbaea87000 	C:\Windows\SYSTEM32\WININET.dll
0x00007ffbaea90000 - 0x00007ffbaed57000 	C:\Windows\SYSTEM32\iertutil.dll
0x00007ffbab810000 - 0x00007ffbab999000 	C:\Windows\SYSTEM32\dbghelp.dll

VM Arguments:
jvm_args: -Dfile.encoding=UTF-8 
java_command: pe.sigmas.presentacion.frminicio
java_class_path (initial): C:\Users\Elle Lawliet\Documents\NetBeansProjects\trunk\SIGMAS\lib\mysql-connector-java-5.1.22.jar;C:\Users\Elle Lawliet\Documents\NetBeansProjects\trunk\SIGMAS\lib\commons-beanutils-1.8.0.jar;C:\Users\Elle Lawliet\Documents\NetBeansProjects\trunk\SIGMAS\lib\commons-collections-2.1.1.jar;C:\Users\Elle Lawliet\Documents\NetBeansProjects\trunk\SIGMAS\lib\commons-collections-3.2.1.jar;C:\Users\Elle Lawliet\Documents\NetBeansProjects\trunk\SIGMAS\lib\commons-javaflow-20060411.jar;C:\Users\Elle Lawliet\Documents\NetBeansProjects\trunk\SIGMAS\lib\poi-3.7-20101029.jar;C:\Users\Elle Lawliet\Documents\NetBeansProjects\trunk\SIGMAS\lib\commons-digester-2.1.jar;C:\Users\Elle Lawliet\Documents\NetBeansProjects\trunk\SIGMAS\lib\commons-logging-1.2.jar;C:\Users\Elle Lawliet\Documents\NetBeansProjects\trunk\SIGMAS\lib\itext-pdfa-5.5.4.jar;C:\Users\Elle Lawliet\Documents\NetBeansProjects\trunk\SIGMAS\lib\itextpdf-5.5.4.jar;C:\Users\Elle Lawliet\Documents\NetBeansProjects\trunk\SIGMAS\lib\commons-logging-1.1.1.jar;C:\Users\Elle Lawliet\Documents\NetBeansProjects\trunk\SIGMAS\lib\groovy-all-2.0.1.jar;C:\Users\Elle Lawliet\Documents\NetBeansProjects\trunk\SIGMAS\lib\iText-2.1.7.js2.jar;C:\Users\Elle Lawliet\Documents\NetBeansProjects\trunk\SIGMAS\lib\jasperreports-5.5.0.jar;C:\Users\Elle Lawliet\Documents\NetBeansProjects\trunk\SIGMAS\lib\jasperreports-fonts-6.1.0.jar;C:\Users\Elle Lawliet\Documents\NetBeansProjects\trunk\SIGMAS\lib\jasperreports-functions-6.1.0.jar;C:\Users\Elle Lawliet\Documents\NetBeansProjects\trunk\SIGMAS\lib\jasperreports-javaflow-6.1.0.jar;C:\Users\Elle Lawliet\Documents\NetBeansProjects\trunk\SIGMAS\lib\png-encoder-1.5.jar;C:\Users\Elle Lawliet\Documents\NetBeansProjects\trunk\SIGMAS\lib\jasperreports-fonts-6.0.0.jar;C:\Users\Elle Lawliet\Documents\NetBeansProjects\trunk\SIGMAS\lib\javax.servlet-api-3.0.1.jar;C:\Users\Elle Lawliet\Documents\NetBeansProjects\trunk\SIGMAS\lib\servlet-api.jar;C:\Users\Elle Lawliet\Documents\NetBeansPro
Launcher Type: SUN_STANDARD

Environment Variables:
PATH=C:\ProgramData\Oracle\Java\javapath;C:\Program Files (x86)\PC Connectivity Solution\;C:\app\ElleLawliet\product\12.1.0\client_2;C:\app\ElleLawliet\product\12.1.0\client_2\bin;C:\Program Files (x86)\Common Files\Intel\Shared Files\cpp\bin\Intel64;C:\Program Files (x86)\Intel\iCLS Client\;C:\Program Files\Intel\iCLS Client\;C:\Windows\system32;C:\Windows;C:\Windows\System32\Wbem;C:\Windows\System32\WindowsPowerShell\v1.0\;C:\Program Files (x86)\ATI Technologies\ATI.ACE\Core-Static;C:\Program Files (x86)\Windows Kits\8.1\Windows Performance Toolkit\;C:\Program Files\Microsoft SQL Server\110\Tools\Binn\;C:\Program Files (x86)\Microsoft SQL Server\100\Tools\Binn\;C:\Program Files\Microsoft SQL Server\100\Tools\Binn\;C:\Program Files\Microsoft SQL Server\100\DTS\Binn\;C:\Program Files (x86)\Microsoft SQL Server\100\Tools\Binn\VSShell\Common7\IDE\;C:\Program Files (x86)\Microsoft Visual Studio 9.0\Common7\IDE\PrivateAssemblies\;C:\Program Files (x86)\Microsoft SQL Server\100\DTS\Binn\;%BPADir%;C:\Program Files\Intel\Intel(R) Management Engine Components\DAL;C:\Program Files (x86)\Intel\Intel(R) Management Engine Components\DAL;C:\Program Files\Intel\Intel(R) Management Engine Components\IPT;C:\Program Files (x86)\Intel\Intel(R) Management Engine Components\IPT;C:\Program Files (x86)\MySQL\MySQL Server 5.1\bin;C:\Program Files (x86)\Skype\Phone\;C:\Program Files\Intel\WiFi\bin\;C:\Program Files\Common Files\Intel\WirelessCommon\;C:\Program Files\VisualSVN Server\bin;C:\Program Files\Mixtek\miktex\bin\x64;C:\Program Files\Intel\WiFi\bin\;C:\Program Files\Common Files\Intel\WirelessCommon\
USERNAME=Elle Lawliet
OS=Windows_NT
PROCESSOR_IDENTIFIER=Intel64 Family 6 Model 60 Stepping 3, GenuineIntel



---------------  S Y S T E M  ---------------

OS: Windows 8.1 , 64 bit Build 9600 

CPU:total 8 (4 cores per cpu, 2 threads per core) family 6 model 60 stepping 3, cmov, cx8, fxsr, mmx, sse, sse2, sse3, ssse3, sse4.1, sse4.2, popcnt, avx, avx2, aes, clmul, erms, lzcnt, ht, tsc, tscinvbit, bmi1, bmi2

Memory: 4k page, physical 12491564k(6645620k free), swap 25074476k(17446544k free)

vm_info: Java HotSpot(TM) 64-Bit Server VM (25.20-b23) for windows-amd64 JRE (1.8.0_20-b26), built on Jul 30 2014 13:51:23 by "java_re" with MS VC++ 10.0 (VS2010)

time: Wed May 27 16:47:24 2015
elapsed time: 166 seconds (0d 0h 2m 46s)

